<?xml version="1.0" encoding="UTF-8"?>
<!-- Generated by org.testng.reporters.JUnitReportReporter -->
<testsuite hostname="DESKTOP-9LOCLR2" failures="0" tests="1" name="com.Selenium.Base.Base" time="7.638" errors="0" timestamp="2024-01-11T11:47:45 IST" skipped="0">
  <testcase classname="com.Selenium.Base.Base" name="InvokeBrowser" time="7.638"/>
  <system-out/>
</testsuite> <!-- com.Selenium.Base.Base -->
