<?xml version="1.0" encoding="UTF-8"?>
<!-- Generated by org.testng.reporters.JUnitReportReporter -->
<testsuite hostname="DESKTOP-9LOCLR2" failures="0" tests="1" name="com.Selenium.Test.RunTest" time="48.753" errors="0" timestamp="2024-03-04T20:30:32 IST" skipped="0">
  <testcase classname="com.Selenium.Test.RunTest" name="testOne" time="48.753"/>
  <system-out/>
</testsuite> <!-- com.Selenium.Test.RunTest -->
