<?xml version="1.0" encoding="UTF-8"?>
<!-- Generated by org.testng.reporters.JUnitReportReporter -->
<testsuite hostname="DESKTOP-9LOCLR2" failures="0" tests="1" name="com.Selenium.Search.Search" time="9.126" errors="0" timestamp="2024-01-11T12:01:47 IST" skipped="0">
  <testcase classname="com.Selenium.Search.Search" name="testOne" time="9.126"/>
  <system-out/>
</testsuite> <!-- com.Selenium.Search.Search -->
