<?xml version="1.0" encoding="UTF-8"?>
<!-- Generated by org.testng.reporters.JUnitReportReporter -->
<testsuite hostname="DESKTOP-9LOCLR2" failures="0" tests="1" name="com.datadrivenframework.test.LoginTest.loginTest" time="67.666" errors="0" timestamp="2024-03-02T19:51:41 IST" skipped="0">
  <testcase classname="com.datadrivenframework.test.LoginTest.loginTest" name="testOne" time="67.666"/>
  <system-out/>
</testsuite> <!-- com.datadrivenframework.test.LoginTest.loginTest -->
