<?xml version="1.0" encoding="UTF-8"?>
<!-- Generated by org.testng.reporters.JUnitReportReporter -->
<testsuite hostname="DESKTOP-9LOCLR2" failures="0" tests="1" name="RunnerTest.RunTest" time="18.059" errors="0" timestamp="2024-02-25T19:23:41 IST" skipped="0">
  <testcase classname="RunnerTest.RunTest" name="TestOne" time="18.059"/>
  <system-out/>
</testsuite> <!-- RunnerTest.RunTest -->
