<?xml version="1.0" encoding="UTF-8"?>
<!-- Generated by org.testng.reporters.JUnitReportReporter -->
<testsuite hostname="DESKTOP-9LOCLR2" failures="0" tests="1" name="com.Selenium.self.practice.Report" time="17.633" errors="0" timestamp="2024-02-24T17:25:26 IST" skipped="0">
  <testcase classname="com.Selenium.self.practice.Report" name="reportGeneration" time="17.633"/>
  <system-out/>
</testsuite> <!-- com.Selenium.self.practice.Report -->
