<?xml version="1.0" encoding="UTF-8"?>
<!-- Generated by org.testng.reporters.JUnitReportReporter -->
<testsuite hostname="DESKTOP-9LOCLR2" failures="0" tests="1" name="com.Selenium.masterpart2.MultipleSelectDropDown" time="111.621" errors="0" timestamp="2023-12-13T18:01:41 IST" skipped="0">
  <testcase classname="com.Selenium.masterpart2.MultipleSelectDropDown" name="MultipleDrop" time="111.621"/>
  <system-out/>
</testsuite> <!-- com.Selenium.masterpart2.MultipleSelectDropDown -->
