<?xml version="1.0" encoding="UTF-8"?>
<!-- Generated by org.testng.reporters.JUnitReportReporter -->
<testsuite hostname="DESKTOP-9LOCLR2" failures="0" tests="1" name="com.Selenium.masterpart2.SelectDropDown" time="33.449" errors="0" timestamp="2024-02-23T23:40:39 IST" skipped="0">
  <testcase classname="com.Selenium.masterpart2.SelectDropDown" name="DropDown" time="33.449"/>
  <system-out/>
</testsuite> <!-- com.Selenium.masterpart2.SelectDropDown -->
