<?xml version="1.0" encoding="UTF-8"?>
<!-- Generated by org.testng.reporters.JUnitReportReporter -->
<testsuite hostname="DESKTOP-9LOCLR2" failures="0" tests="3" name="com.Selenium.self.practice.VerifyPage" time="18.506" errors="0" timestamp="2024-02-24T16:19:10 IST" skipped="2">
  <testcase classname="com.Selenium.self.practice.VerifyPage" name="pageSource" time="18.506"/>
  <system-out/>
  <testcase classname="com.Selenium.self.practice.VerifyPage" name="verifyPageTitle">
    <skipped/>
  </testcase> <!-- verifyPageTitle -->
  <system-out/>
  <testcase classname="com.Selenium.self.practice.VerifyPage" name="presenceOfElement">
    <skipped/>
  </testcase> <!-- presenceOfElement -->
  <system-out/>
</testsuite> <!-- com.Selenium.self.practice.VerifyPage -->
