<?xml version="1.0" encoding="UTF-8"?>
<!-- Generated by org.testng.reporters.JUnitReportReporter -->
<testsuite hostname="DESKTOP-9LOCLR2" failures="0" tests="1" name="com.datadrivenframework.test.LoginTest.loginTest" time="30.352" errors="0" timestamp="2024-02-29T19:24:39 IST" skipped="0">
  <testcase classname="com.datadrivenframework.test.LoginTest.loginTest" name="testOne" time="30.352"/>
  <system-out/>
</testsuite> <!-- com.datadrivenframework.test.LoginTest.loginTest -->
