<?xml version="1.0" encoding="UTF-8"?>
<!-- Generated by org.testng.reporters.JUnitReportReporter -->
<testsuite hostname="DESKTOP-9LOCLR2" failures="0" tests="6" name="com.data.drivenframework.utils.TestDataProviderDynamic" time="0.112" errors="0" timestamp="2024-03-03T14:28:53 IST" skipped="0">
  <testcase classname="com.data.drivenframework.utils.TestDataProviderDynamic" name="sampleTestOne" time="0.018"/>
  <system-out/>
  <testcase classname="com.data.drivenframework.utils.TestDataProviderDynamic" name="sampleTestOne" time="0.020"/>
  <system-out/>
  <testcase classname="com.data.drivenframework.utils.TestDataProviderDynamic" name="sampleTestOne" time="0.011"/>
  <system-out/>
  <testcase classname="com.data.drivenframework.utils.TestDataProviderDynamic" name="sampleTestOne" time="0.010"/>
  <system-out/>
  <testcase classname="com.data.drivenframework.utils.TestDataProviderDynamic" name="sampleTestOne" time="0.032"/>
  <system-out/>
  <testcase classname="com.data.drivenframework.utils.TestDataProviderDynamic" name="sampleTestOne" time="0.021"/>
  <system-out/>
</testsuite> <!-- com.data.drivenframework.utils.TestDataProviderDynamic -->
