<?xml version="1.0" encoding="UTF-8"?>
<!-- Generated by org.testng.reporters.JUnitReportReporter -->
<testsuite hostname="DESKTOP-9LOCLR2" failures="0" tests="2" name="com.data.drivenframework.utils.TestDataProvider" time="0.032" errors="0" timestamp="2024-03-03T14:06:33 IST" skipped="0">
  <testcase classname="com.data.drivenframework.utils.TestDataProvider" name="sampleTestOne" time="0.015"/>
  <system-out/>
  <testcase classname="com.data.drivenframework.utils.TestDataProvider" name="sampleTestOne" time="0.017"/>
  <system-out/>
</testsuite> <!-- com.data.drivenframework.utils.TestDataProvider -->
