<?xml version="1.0" encoding="UTF-8"?>
<!-- Generated by org.testng.reporters.JUnitReportReporter -->
<testsuite hostname="DESKTOP-9LOCLR2" failures="0" tests="1" name="com.datadrivenframework.test.LoginTest.loginTest" time="92.455" errors="0" timestamp="2024-03-01T19:20:12 IST" skipped="0">
  <testcase classname="com.datadrivenframework.test.LoginTest.loginTest" name="testOne" time="92.455"/>
  <system-out/>
</testsuite> <!-- com.datadrivenframework.test.LoginTest.loginTest -->
